2017-08-21 00:05:55 TRACE ChessEngine:51 - 
--------------------------------------Start Engine ----------------------------------

2017-08-21 00:05:55 TRACE ChessEngine:51 - 
--------------------------------------Start Engine ----------------------------------

2017-08-21 00:05:55 TRACE ChessEngine:112 - Stockfish DD 64 by Tord Romstad, Marco Costalba and Joona Kiiski

2017-08-21 00:06:20 TRACE ChessEngine:51 - 
--------------------------------------Start Engine ----------------------------------

2017-08-21 00:06:20 TRACE ChessEngine:51 - 
--------------------------------------Start Engine ----------------------------------

2017-08-21 00:06:20 TRACE ChessEngine:112 - Stockfish DD 64 by Tord Romstad, Marco Costalba and Joona Kiiski

2017-08-21 00:09:09 TRACE ChessEngine:112 - uci

2017-08-21 00:09:09 TRACE ChessEngine:112 - id name Stockfish DD 64
id author Tord Romstad, Marco Costalba and Joona Kiiski

option name Write Debug Log type check default false
option name Write Search Log type check default false
option name Search Log Filename type string default SearchLog.txt
option name Book File type string default book.bin
option name Best Book Move type check default false
option name Contempt Factor type spin default 0 min -50 max 50
option name Mobility (Midgame) type spin default 100 min 0 max 200
option name Mobility (Endgame) type spin default 100 min 0 max 200
option name Pawn Structure (Midgame) type spin default 100 min 0 max 200
option name Pawn Structure (Endgame) type spin default 100 min 0 max 200
option name Passed Pawns (Midgame) type spin default 100 min 0 max 200
option name Passed Pawns (Endgame) type spin default 100 min 0 max 200
option name Space type spin default 100 min 0 max 200
option name Aggressiveness type spin default 100 min 0 max 200
option name Cowardice type spin default 100 min 0 max 200
option name Min Split Depth type spin default 0 min 0 max 12
option name Max Threads per Split Point type spin default 5 min 4 max 8
option name Threads type spin default 1 min 1 max 64
option name Idle Threads Sleep type check default false
option name Hash type spin default 32 min 1 max 8192
option name Clear Hash type button
option name Ponder type check default true
option name OwnBook type check default false
option name MultiPV type spin default 1 min 1 max 500
option name Skill Level type spin default 20 min 0 max 20
option name Emergency Move Horizon type spin default 40 min 0 max 50
option name Emergency Base Time type spin default 60 min 0 max 30000
option name Emergency Move Time type spin default 30 min 0 max 5000
option name Minimum Thinking Time type spin default 20 min 0 max 5000
option name Slow Mover type spin default 70 min 10 max 1000
option name UCI_Chess960 type check default false
option name UCI_AnalyseMode type check default false
uciok

2017-08-21 00:09:11 TRACE ChessEngine:112 - quit

2017-08-21 00:09:12 TRACE ChessEngine:51 - 
--------------------------------------Start Engine ----------------------------------

2017-08-21 00:09:12 TRACE ChessEngine:51 - 
--------------------------------------Start Engine ----------------------------------

2017-08-21 00:09:12 TRACE ChessEngine:112 - Stockfish DD 64 by Tord Romstad, Marco Costalba and Joona Kiiski

2017-08-21 00:09:14 TRACE ChessEngine:112 - uci

2017-08-21 00:09:14 TRACE ChessEngine:112 - id name Stockfish DD 64
id author Tord Romstad, Marco Costalba and Joona Kiiski

option name Write Debug Log type check default false
option name Write Search Log type check default false
option name Search Log Filename type string default SearchLog.txt
option name Book File type string default book.bin
option name Best Book Move type check default false
option name Contempt Factor type spin default 0 min -50 max 50
option name Mobility (Midgame) type spin default 100 min 0 max 200
option name Mobility (Endgame) type spin default 100 min 0 max 200
option name Pawn Structure (Midgame) type spin default 100 min 0 max 200
option name Pawn Structure (Endgame) type spin default 100 min 0 max 200
option name Passed Pawns (Midgame) type spin default 100 min 0 max 200
option name Passed Pawns (Endgame) type spin default 100 min 0 max 200
option name Space type spin default 100 min 0 max 200
option name Aggressiveness type spin default 100 min 0 max 200
option name Cowardice type spin default 100 min 0 max 200
option name Min Split Depth type spin default 0 min 0 max 12
option name Max Threads per Split Point type spin default 5 min 4 max 8
option name Threads type spin default 1 min 1 max 64
option name Idle Threads Sleep type check default false
option name Hash type spin default 32 min 1 max 8192
option name Clear Hash type button
option name Ponder type check default true
option name OwnBook type check default false
option name MultiPV type spin default 1 min 1 max 500
option name Skill Level type spin default 20 min 0 max 20
option name Emergency Move Horizon type spin default 40 min 0 max 50
option name Emergency Base Time type spin default 60 min 0 max 30000
option name Emergency Move Time type spin default 30 min 0 max 5000
option name Minimum Thinking Time type spin default 20 min 0 max 5000
option name Slow Mover type spin default 70 min 10 max 1000
option name UCI_Chess960 type check default false
option name UCI_AnalyseMode type check default false
uciok

2017-08-21 00:09:16 TRACE ChessEngine:112 - quit

2017-08-21 00:09:17 TRACE ChessEngine:51 - 
--------------------------------------Start Engine ----------------------------------

2017-08-21 00:09:17 TRACE ChessEngine:51 - 
--------------------------------------Start Engine ----------------------------------

2017-08-21 00:09:17 TRACE ChessEngine:112 - Stockfish DD 64 by Tord Romstad, Marco Costalba and Joona Kiiski

2017-08-21 00:09:24 TRACE ChessEngine:112 - uci

2017-08-21 00:09:24 TRACE ChessEngine:112 - id name Stockfish DD 64
id author Tord Romstad, Marco Costalba and Joona Kiiski

option name Write Debug Log type check default false
option name Write Search Log type check default false
option name Search Log Filename type string default SearchLog.txt
option name Book File type string default book.bin
option name Best Book Move type check default false
option name Contempt Factor type spin default 0 min -50 max 50
option name Mobility (Midgame) type spin default 100 min 0 max 200
option name Mobility (Endgame) type spin default 100 min 0 max 200
option name Pawn Structure (Midgame) type spin default 100 min 0 max 200
option name Pawn Structure (Endgame) type spin default 100 min 0 max 200
option name Passed Pawns (Midgame) type spin default 100 min 0 max 200
option name Passed Pawns (Endgame) type spin default 100 min 0 max 200
option name Space type spin default 100 min 0 max 200
option name Aggressiveness type spin default 100 min 0 max 200
option name Cowardice type spin default 100 min 0 max 200
option name Min Split Depth type spin default 0 min 0 max 12
option name Max Threads per Split Point type spin default 5 min 4 max 8
option name Threads type spin default 1 min 1 max 64
option name Idle Threads Sleep type check default false
option name Hash type spin default 32 min 1 max 8192
option name Clear Hash type button
option name Ponder type check default true
option name OwnBook type check default false
option name MultiPV type spin default 1 min 1 max 500
option name Skill Level type spin default 20 min 0 max 20
option name Emergency Move Horizon type spin default 40 min 0 max 50
option name Emergency Base Time type spin default 60 min 0 max 30000
option name Emergency Move Time type spin default 30 min 0 max 5000
option name Minimum Thinking Time type spin default 20 min 0 max 5000
option name Slow Mover type spin default 70 min 10 max 1000
option name UCI_Chess960 type check default false
option name UCI_AnalyseMode type check default false
uciok

2017-08-21 00:09:25 TRACE ChessEngine:112 - quit

2017-08-21 00:09:26 TRACE ChessEngine:51 - 
--------------------------------------Start Engine ----------------------------------

2017-08-21 00:09:26 TRACE ChessEngine:51 - 
--------------------------------------Start Engine ----------------------------------

2017-08-21 00:09:26 TRACE ChessEngine:112 - Stockfish DD 64 by Tord Romstad, Marco Costalba and Joona Kiiski

2017-08-21 00:09:49 TRACE ChessEngine:112 - uci

2017-08-21 00:09:49 TRACE ChessEngine:112 - id name Stockfish DD 64
id author Tord Romstad, Marco Costalba and Joona Kiiski

option name Write Debug Log type check default false
option name Write Search Log type check default false
option name Search Log Filename type string default SearchLog.txt
option name Book File type string default book.bin
option name Best Book Move type check default false
option name Contempt Factor type spin default 0 min -50 max 50
option name Mobility (Midgame) type spin default 100 min 0 max 200
option name Mobility (Endgame) type spin default 100 min 0 max 200
option name Pawn Structure (Midgame) type spin default 100 min 0 max 200
option name Pawn Structure (Endgame) type spin default 100 min 0 max 200
option name Passed Pawns (Midgame) type spin default 100 min 0 max 200
option name Passed Pawns (Endgame) type spin default 100 min 0 max 200
option name Space type spin default 100 min 0 max 200
option name Aggressiveness type spin default 100 min 0 max 200
option name Cowardice type spin default 100 min 0 max 200
option name Min Split Depth type spin default 0 min 0 max 12
option name Max Threads per Split Point type spin default 5 min 4 max 8
option name Threads type spin default 1 min 1 max 64
option name Idle Threads Sleep type check default false
option name Hash type spin default 32 min 1 max 8192
option name Clear Hash type button
option name Ponder type check default true
option name OwnBook type check default false
option name MultiPV type spin default 1 min 1 max 500
option name Skill Level type spin default 20 min 0 max 20
option name Emergency Move Horizon type spin default 40 min 0 max 50
option name Emergency Base Time type spin default 60 min 0 max 30000
option name Emergency Move Time type spin default 30 min 0 max 5000
option name Minimum Thinking Time type spin default 20 min 0 max 5000
option name Slow Mover type spin default 70 min 10 max 1000
option name UCI_Chess960 type check default false
option name UCI_AnalyseMode type check default false
uciok

2017-08-21 00:09:49 TRACE ChessEngine:112 - quit

2017-08-21 00:09:50 TRACE ChessEngine:51 - 
--------------------------------------Start Engine ----------------------------------

2017-08-21 00:09:50 TRACE ChessEngine:51 - 
--------------------------------------Start Engine ----------------------------------

2017-08-21 00:09:50 TRACE ChessEngine:112 - Stockfish DD 64 by Tord Romstad, Marco Costalba and Joona Kiiski

2017-08-21 00:09:57 TRACE ChessEngine:112 - uci

2017-08-21 00:09:57 TRACE ChessEngine:112 - id name Stockfish DD 64
id author Tord Romstad, Marco Costalba and Joona Kiiski

option name Write Debug Log type check default false
option name Write Search Log type check default false
option name Search Log Filename type string default SearchLog.txt
option name Book File type string default book.bin
option name Best Book Move type check default false
option name Contempt Factor type spin default 0 min -50 max 50
option name Mobility (Midgame) type spin default 100 min 0 max 200
option name Mobility (Endgame) type spin default 100 min 0 max 200
option name Pawn Structure (Midgame) type spin default 100 min 0 max 200
option name Pawn Structure (Endgame) type spin default 100 min 0 max 200
option name Passed Pawns (Midgame) type spin default 100 min 0 max 200
option name Passed Pawns (Endgame) type spin default 100 min 0 max 200
option name Space type spin default 100 min 0 max 200
option name Aggressiveness type spin default 100 min 0 max 200
option name Cowardice type spin default 100 min 0 max 200
option name Min Split Depth type spin default 0 min 0 max 12
option name Max Threads per Split Point type spin default 5 min 4 max 8
option name Threads type spin default 1 min 1 max 64
option name Idle Threads Sleep type check default false
option name Hash type spin default 32 min 1 max 8192
option name Clear Hash type button
option name Ponder type check default true
option name OwnBook type check default false
option name MultiPV type spin default 1 min 1 max 500
option name Skill Level type spin default 20 min 0 max 20
option name Emergency Move Horizon type spin default 40 min 0 max 50
option name Emergency Base Time type spin default 60 min 0 max 30000
option name Emergency Move Time type spin default 30 min 0 max 5000
option name Minimum Thinking Time type spin default 20 min 0 max 5000
option name Slow Mover type spin default 70 min 10 max 1000
option name UCI_Chess960 type check default false
option name UCI_AnalyseMode type check default false
uciok

2017-08-21 00:09:57 TRACE ChessEngine:112 - setoption name Hash value 768
setoption name Ponder value false
setoption name Threads value 5
isready

2017-08-21 00:09:58 TRACE ChessEngine:112 - readyok

2017-08-21 00:09:58 TRACE ChessEngine:112 - setoption name Max Threads per Split Point value 4

2017-08-21 00:09:58 TRACE ChessEngine:112 - setoption name UCI_AnalyseMode value true
position startpos
go infinite

2017-08-21 00:09:58 TRACE ChessEngine:112 - info depth 1 seldepth 1 score cp 74 nodes 27 nps 27000 time 1 multipv 1 pv e2e4

2017-08-21 00:09:58 TRACE ChessEngine:112 - info depth 2 seldepth 2 score cp 12 nodes 145 nps 72500 time 2 multipv 1 pv e2e4 e7e5

2017-08-21 00:09:58 TRACE ChessEngine:112 - info depth 3 seldepth 3 score cp 60 nodes 522 nps 174000 time 3 multipv 1 pv g1f3 d7d5 d2d4

2017-08-21 00:09:58 TRACE ChessEngine:112 - info depth 4 seldepth 4 score cp 16 nodes 1095 nps 273750 time 4 multipv 1 pv e2e4 d7d5 b1c3 g8f6

2017-08-21 00:09:58 TRACE ChessEngine:112 - info depth 5 seldepth 5 score cp 54 nodes 3038 nps 506333 time 6 multipv 1 pv g1f3 d7d5 d2d4 g8f6 b1c3

2017-08-21 00:09:58 TRACE ChessEngine:112 - info depth 6 seldepth 7 score cp 12 nodes 5338 nps 533800 time 10 multipv 1 pv g1f3 d7d5 d2d4 g8f6 b1c3 b8c6

2017-08-21 00:09:58 TRACE ChessEngine:112 - info depth 7 seldepth 7 score cp 44 nodes 9610 nps 640666 time 15 multipv 1 pv d2d4 d7d5 e2e3 g8f6 b1c3 b8c6 f1b5 e7e6

2017-08-21 00:09:58 TRACE ChessEngine:112 - info depth 8 seldepth 10 score cp 20 nodes 18089 nps 861380 time 21 multipv 1 pv e2e4 d7d5 e4e5 e7e6 d2d4 g8e7 b1c3 b8c6

2017-08-21 00:09:58 TRACE ChessEngine:112 - info depth 9 seldepth 11 score cp 34 nodes 31169 nps 974031 time 32 multipv 1 pv e2e4 d7d5 e4d5 d8d5 b1c3 d5e6 d1e2 b8c6 c3b5 e6d7

2017-08-21 00:09:58 TRACE ChessEngine:112 - info depth 10 seldepth 14 score cp 46 nodes 66278 nps 1142724 time 58 multipv 1 pv e2e4 e7e5 b1c3 b8c6 g1f3 f8c5 f1c4 g8f6 e1g1 e8g8 d2d3 g8h8

2017-08-21 00:09:58 TRACE ChessEngine:112 - info depth 11 seldepth 14 score cp 32 nodes 115040 nps 1223829 time 94 multipv 1 pv e2e4 e7e5 g1f3 b8c6 b1c3 f8c5 f1c4 g8f6 e1g1 e8g8 d2d3 d7d6 g1h1

2017-08-21 00:09:58 TRACE ChessEngine:112 - info depth 12 seldepth 14 score cp 32 nodes 133251 nps 1269057 time 105 multipv 1 pv e2e4 e7e5 g1f3 b8c6 b1c3 f8c5 f1c4 g8f6 e1g1 e8g8 d2d3 d7d6 g1h1

2017-08-21 00:09:58 TRACE ChessEngine:112 - info depth 13 seldepth 15 score cp 46 nodes 223777 nps 1472217 time 152 multipv 1 pv e2e4 e7e5 g1f3 b8c6 b1c3 g8f6 f1c4 f8c5 e1g1 e8g8 d2d3 d7d6 c1e3 c5e3 f2e3

2017-08-21 00:09:58 TRACE ChessEngine:112 - info depth 14 seldepth 17 score cp 38 nodes 386664 nps 1841257 time 210 multipv 1 pv e2e4 e7e5 g1f3 b8c6 b1c3 g8f6 f1c4 f8b4 d2d3 b4c3 b2c3 d7d5 e4d5 f6d5 c1g5

2017-08-21 00:09:58 TRACE ChessEngine:112 - info depth 15 seldepth 19 score cp 16 nodes 1222749 nps 3295819 time 371 multipv 1 pv g1f3 g8f6 b1c3 d7d5 e2e3 e7e6 d2d4 f8e7 f1e2 e8g8 e1g1 b8c6 c1d2 c8d7 a2a3 a7a6

2017-08-21 00:09:58 TRACE ChessEngine:112 - info depth 16 seldepth 19 score cp 28 nodes 1628893 nps 3644055 time 447 multipv 1 pv e2e4 e7e5 g1f3 g8f6 b1c3 b8c6 f1c4 f8c5 e1g1 e8g8 d2d3 a7a6 c3d5 b7b5 d5f6 d8f6 c1g5

2017-08-21 00:09:58 TRACE ChessEngine:112 - info depth 17 seldepth 20 score cp 36 nodes 1978776 nps 3842283 time 515 multipv 1 pv e2e4 e7e5 g1f3 g8f6 b1c3 b8c6 f1c4 f8c5 e1g1 e8g8 d2d3 a7a6 c3d5 b7b5 d5f6 d8f6 c1g5 f6d6 c4d5

2017-08-21 00:09:59 TRACE ChessEngine:112 - info depth 18 seldepth 25 score cp 36 nodes 4139791 nps 4584486 time 903 multipv 1 pv e2e4 e7e5 g1f3 g8f6 d2d4 f6e4 f1d3 d7d5 f3e5 b8d7 e5f7 d8h4 d1f3 f8b4 c2c3 e8g8 d3e4 d5e4 f3g3 h4g3 h2g3 f8f7 c3b4

2017-08-21 00:09:59 TRACE ChessEngine:112 - info depth 19 seldepth 27 score cp 30 nodes 5606081 nps 4930590 time 1137 multipv 1 pv e2e4 e7e5 g1f3 g8f6 f3e5 d7d6 e5f3 f6e4 f1b5 c7c6 b5e2 d6d5 d2d3 e4f6 b1c3 f8d6 c1e3 f6g4 e3d4 e8g8 e1g1

2017-08-21 00:09:59 TRACE ChessEngine:112 - info depth 20 seldepth 27 score cp 28 nodes 7123072 nps 5154176 time 1382 multipv 1 pv e2e4 e7e5 g1f3 g8f6 f3e5 d7d6 e5f3 f6e4 f1b5 c7c6 d1e2 c6b5 e2e4 d8e7 d2d3 b8c6 b1c3 c8f5 e4e7 f8e7 c3b5 e8g8 c1f4 d6d5

2017-08-21 00:10:01 TRACE ChessEngine:112 - info depth 21 currmove g1f3 currmovenumber 2

2017-08-21 00:10:01 TRACE ChessEngine:112 - info depth 21 currmove b2b4 currmovenumber 9

2017-08-21 00:10:01 TRACE ChessEngine:112 - info depth 21 currmove f2f4 currmovenumber 10

2017-08-21 00:10:01 TRACE ChessEngine:112 - info depth 21 currmove f2f3 currmovenumber 12

2017-08-21 00:10:01 TRACE ChessEngine:112 - info depth 21 currmove g1h3 currmovenumber 13

2017-08-21 00:10:01 TRACE ChessEngine:112 - info depth 21 currmove b1a3 currmovenumber 14

2017-08-21 00:10:01 TRACE ChessEngine:112 - info depth 21 currmove a2a3 currmovenumber 15

2017-08-21 00:10:01 TRACE ChessEngine:112 - info depth 21 currmove g2g3 currmovenumber 16

2017-08-21 00:10:01 TRACE ChessEngine:112 - info depth 21 currmove g2g4 currmovenumber 17

2017-08-21 00:10:01 TRACE ChessEngine:112 - info depth 21 currmove b2b3 currmovenumber 18
info depth 21 currmove h2h4 currmovenumber 19
info depth 21 currmove h2h3 currmovenumber 20

2017-08-21 00:10:01 TRACE ChessEngine:112 - info depth 21 seldepth 29 score cp 30 nodes 19618154 nps 5800755 time 3382 multipv 1 pv e2e4 e7e5 g1f3 g8f6 f3e5 d7d6 e5f3 f6e4 d1e2 d8e7 d2d3 e4f6 b1c3 b8c6 c1g5 c8e6 e1c1 e8c8 d3d4 d6d5 c1b1 e6f5
info depth 22 currmove e2e4 currmovenumber 1

2017-08-21 00:10:03 TRACE ChessEngine:112 - info depth 22 currmove b1c3 currmovenumber 3

2017-08-21 00:10:03 TRACE ChessEngine:112 - info depth 22 seldepth 29 score cp 36 nodes 26967984 nps 5800813 time 4649 multipv 1 pv e2e4 e7e6 b1c3 d7d5 d2d4 f8b4 e4d5 e6d5 g1f3 g8f6 f1d3 d8e7 c1e3 f6g4 d1e2 g4e3 e2e3 b8c6 e1g1 e7e3 f2e3 b4c3 b2c3 e8g8 a1b1 f8e8 f1e1
info depth 23 currmove e2e4 currmovenumber 1

2017-08-21 00:10:03 TRACE ChessEngine:112 - info depth 23 currmove g1f3 currmovenumber 2

2017-08-21 00:10:03 TRACE ChessEngine:112 - info depth 23 currmove b1a3 currmovenumber 13

2017-08-21 00:10:03 TRACE ChessEngine:112 - info depth 23 currmove c2c4 currmovenumber 19

2017-08-21 00:10:03 TRACE ChessEngine:112 - info depth 23 seldepth 29 score cp 28 upperbound nodes 31642399 nps 5785774 time 5469 multipv 1 pv e2e4 e7e6 b1c3 d7d5 d2d4 f8b4 e4d5 e6d5 g1f3 g8f6 f1d3 d8e7 d1e2 e7e2 e1e2 e8g8 h1e1 b8c6 c1f4 c8d7 f4c7 a8c8 c7f4 d7g4 h2h3 g4f3
info depth 23 currmove e2e4 currmovenumber 1

2017-08-21 00:10:04 TRACE ChessEngine:112 - info depth 23 currmove d2d4 currmovenumber 5

2017-08-21 00:10:04 TRACE ChessEngine:112 - info depth 23 currmove d2d3 currmovenumber 6

2017-08-21 00:10:05 TRACE ChessEngine:112 - info depth 23 currmove g1h3 currmovenumber 9

2017-08-21 00:10:05 TRACE ChessEngine:112 - info depth 23 currmove b2b4 currmovenumber 11

2017-08-21 00:10:05 TRACE ChessEngine:112 - info depth 23 currmove c2c4 currmovenumber 12

2017-08-21 00:10:05 TRACE ChessEngine:112 - info depth 23 seldepth 29 score cp 20 upperbound nodes 38974278 nps 5829236 time 6686 multipv 1 pv e2e4 e7e6 d2d4 d7d5 e4d5 e6d5 f1b5 c8d7 d1e2 f8e7 b5d7 b8d7 e2b5 g8f6 b5b7 e8g8 b1c3 d8b8 b7b8 a8b8 g1f3 f8e8
info depth 23 currmove e2e4 currmovenumber 1

2017-08-21 00:10:06 TRACE ChessEngine:112 - info depth 23 currmove g1f3 currmovenumber 2
info depth 23 currmove f2f4 currmovenumber 9

2017-08-21 00:10:06 TRACE ChessEngine:112 - info depth 23 currmove g1h3 currmovenumber 18
info depth 23 currmove a2a4 currmovenumber 19
info depth 23 currmove g2g3 currmovenumber 20

2017-08-21 00:10:06 TRACE ChessEngine:112 - info depth 23 seldepth 34 score cp 22 nodes 49998412 nps 5949358 time 8404 multipv 1 pv e2e4 e7e6 d2d4 d7d5 e4d5 e6d5 g1f3 g8f6 b1c3 f8b4 f1b5 b8c6 d1e2 c8e6 f3e5 d8d6 e1g1 e8g8 b5c6 b7c6 c1f4 f8e8 e5d3 d6e7 a1e1 b4c3 b2c3 f6e4
info depth 24 currmove e2e4 currmovenumber 1

2017-08-21 00:10:08 TRACE ChessEngine:112 - info depth 24 currmove d2d3 currmovenumber 5

2017-08-21 00:10:08 TRACE ChessEngine:112 - info depth 24 currmove e2e3 currmovenumber 6

2017-08-21 00:10:09 TRACE ChessEngine:112 - info depth 24 currmove g2g4 currmovenumber 7

2017-08-21 00:10:09 TRACE ChessEngine:112 - info depth 24 currmove f2f3 currmovenumber 8

2017-08-21 00:10:09 TRACE ChessEngine:112 - info depth 24 currmove c2c3 currmovenumber 9

2017-08-21 00:10:09 TRACE ChessEngine:112 - info depth 24 currmove g1h3 currmovenumber 10

2017-08-21 00:10:09 TRACE ChessEngine:112 - info depth 24 currmove h2h3 currmovenumber 11

2017-08-21 00:10:09 TRACE ChessEngine:112 - info depth 24 currmove f2f4 currmovenumber 12

2017-08-21 00:10:09 TRACE ChessEngine:112 - info depth 24 currmove a2a3 currmovenumber 13

2017-08-21 00:10:09 TRACE ChessEngine:112 - info depth 24 currmove g2g3 currmovenumber 14

2017-08-21 00:10:09 TRACE ChessEngine:112 - info depth 24 currmove c2c4 currmovenumber 15

2017-08-21 00:10:09 TRACE ChessEngine:112 - info depth 24 currmove b2b4 currmovenumber 16

2017-08-21 00:10:09 TRACE ChessEngine:112 - info depth 24 currmove h2h4 currmovenumber 17

2017-08-21 00:10:09 TRACE ChessEngine:112 - info depth 24 currmove b1a3 currmovenumber 20

2017-08-21 00:10:11 TRACE ChessEngine:112 - info depth 24 seldepth 34 score cp 30 lowerbound nodes 80495559 nps 6013863 time 13385 multipv 1 pv g1f3 g8f6 d2d4 d7d5 c2c4 e7e6 b1c3 b8c6 e2e3 f8b4 f1d3 d5c4 d3c4 f6d5 c1d2 e8g8 e1g1
info depth 24 currmove g1f3 currmovenumber 1

2017-08-21 00:10:14 TRACE ChessEngine:112 - info depth 24 seldepth 34 score cp 38 lowerbound nodes 97381245 nps 6050027 time 16096 multipv 1 pv g1f3 g8f6 d2d4 d7d5 c2c4 e7e6 b1c3 b8c6 e2e3 f8b4 f1d3 d5c4 d3c4 c8d7 e1g1 e8g8 a2a3
info depth 24 currmove g1f3 currmovenumber 1

2017-08-21 00:10:15 TRACE ChessEngine:112 - info depth 24 currmove b1c3 currmovenumber 3
info depth 24 currmove b2b4 currmovenumber 10

2017-08-21 00:10:15 TRACE ChessEngine:112 - info depth 24 currmove f2f3 currmovenumber 11
info depth 24 currmove a2a3 currmovenumber 12
info depth 24 currmove h2h4 currmovenumber 13

2017-08-21 00:10:15 TRACE ChessEngine:112 - info depth 24 currmove h2h3 currmovenumber 15

2017-08-21 00:10:15 TRACE ChessEngine:112 - info depth 24 currmove f2f4 currmovenumber 16

2017-08-21 00:10:15 TRACE ChessEngine:112 - info depth 24 currmove g2g3 currmovenumber 17

2017-08-21 00:10:15 TRACE ChessEngine:112 - info depth 24 currmove g2g4 currmovenumber 18

2017-08-21 00:10:15 TRACE ChessEngine:112 - info depth 24 currmove b2b3 currmovenumber 19

2017-08-21 00:10:15 TRACE ChessEngine:112 - info depth 24 currmove a2a4 currmovenumber 20

2017-08-21 00:10:15 TRACE ChessEngine:112 - info depth 24 seldepth 34 score cp 36 nodes 103224664 nps 6052457 time 17055 multipv 1 pv g1f3 g8f6 d2d4 d7d5 c2c4 e7e6 b1c3 f8b4 e2e3 e8g8 c1d2 c7c5 c4d5 e6d5 a2a3 b4c3 d2c3 c5c4 b2b3 b7b5 f1e2 f6e4 c3b4
info depth 25 currmove g1f3 currmovenumber 1

2017-08-21 00:10:17 TRACE ChessEngine:112 - info depth 25 currmove e2e4 currmovenumber 2

2017-08-21 00:10:19 TRACE ChessEngine:112 - info depth 25 seldepth 34 score cp 34 nodes 128273457 nps 6060067 time 21167 multipv 1 pv g1f3 g8f6 d2d4 d7d5 c2c4 e7e6 b1c3 f8e7 c1g5 e8g8 e2e3 b8c6 f1e2 d5c4 e2c4 h7h6 g5f6 e7f6 e1g1 f6e7 a2a3 c8d7 c4d3 a7a6 a1c1

2017-08-21 00:10:19 TRACE ChessEngine:112 - info depth 26 currmove g1f3 currmovenumber 1

2017-08-21 00:10:26 TRACE ChessEngine:112 - info depth 26 currmove b1c3 currmovenumber 5

2017-08-21 00:10:27 TRACE ChessEngine:112 - info depth 26 currmove b1a3 currmovenumber 8

2017-08-21 00:10:27 TRACE ChessEngine:112 - info depth 26 currmove f2f4 currmovenumber 10

2017-08-21 00:10:27 TRACE ChessEngine:112 - info depth 26 currmove a2a4 currmovenumber 12

2017-08-21 00:10:27 TRACE ChessEngine:112 - info depth 26 currmove a2a3 currmovenumber 14

2017-08-21 00:10:27 TRACE ChessEngine:112 - info depth 26 currmove g1h3 currmovenumber 16

2017-08-21 00:10:28 TRACE ChessEngine:112 - info depth 26 currmove g2g3 currmovenumber 17

2017-08-21 00:10:28 TRACE ChessEngine:112 - info depth 26 currmove f2f3 currmovenumber 18

2017-08-21 00:10:28 TRACE ChessEngine:112 - info depth 26 currmove h2h4 currmovenumber 20

2017-08-21 00:10:32 TRACE ChessEngine:112 - info depth 26 seldepth 36 score cp 42 lowerbound nodes 205941086 nps 6067798 time 33940 multipv 1 pv d2d4 g8f6 g1f3 d7d5 c2c4 e7e6 b1c3 f8b4 e2e3 e8g8 f1d3 c7c5 e1g1 c5d4 e3d4 d5c4 d3c4 b8c6 a2a3 b4d6 c1e3 c8d7 d4d5 e6d5 c3d5 g8h8 a1c1
info depth 26 currmove d2d4 currmovenumber 1

2017-08-21 00:10:39 TRACE ChessEngine:112 - info depth 26 currmove e2e3 currmovenumber 7
info depth 26 currmove c2c4 currmovenumber 10
info depth 26 currmove c2c3 currmovenumber 11
info depth 26 currmove h2h3 currmovenumber 12
info depth 26 currmove b1a3 currmovenumber 13
info depth 26 currmove b2b4 currmovenumber 14
info depth 26 currmove b2b3 currmovenumber 15
info depth 26 currmove g1h3 currmovenumber 16
info depth 26 currmove h2h4 currmovenumber 17
info depth 26 currmove a2a4 currmovenumber 18
info depth 26 currmove f2f3 currmovenumber 19
info depth 26 currmove g2g4 currmovenumber 20

2017-08-21 00:10:39 TRACE ChessEngine:112 - info depth 26 seldepth 36 score cp 32 nodes 246179009 nps 6052044 time 40677 multipv 1 pv d2d4 g8f6 c2c4 e7e5 d4e5 f6g4 g1f3 f8c5 e2e3 b8c6 f1e2 g4e5 f3e5 c6e5 e1g1 d7d6 f2f4 e5c6 b1c3 e8g8 c3a4 c5b6 a4b6 a7b6 c1d2
info depth 27 currmove d2d4 currmovenumber 1

2017-08-21 00:10:48 TRACE ChessEngine:112 - info depth 27 seldepth 36 score cp 40 lowerbound nodes 306848228 nps 6084274 time 50433 multipv 1 pv d2d4 g8f6 c2c4 e7e5 d4e5 f6g4 c1f4 g7g5 f4g3 b8c6 g1f3 f8g7 b1c3 g4e5 f3e5 c6e5 e2e3 d7d6 h2h4 c8e6 h4g5 d8g5 c3d5 e8c8 g3h4
info depth 27 currmove d2d4 currmovenumber 1

2017-08-21 00:10:54 TRACE ChessEngine:112 - stop

2017-08-21 00:10:54 TRACE ChessEngine:112 - info depth 27 seldepth 36 score cp 40 nodes 338431363 nps 6080770 time 55656 multipv 1 pv d2d4 g8f6 c2c4 e7e5 d4e5 f6g4 c1f4 g7g5 f4g3 b8c6 g1f3 f8g7 b1c3 g4e5 f3e5 c6e5 e2e3 d7d6 h2h4 c8e6 h4g5 d8g5 c3d5 e8c8 g3h4
info nodes 338431363 time 55656
bestmove d2d4 ponder g8f6

2017-08-21 00:10:54 TRACE ChessEngine:112 - quit

2017-08-21 00:10:55 TRACE ChessEngine:51 - 
--------------------------------------Start Engine ----------------------------------

2017-08-21 00:10:55 TRACE ChessEngine:51 - 
--------------------------------------Start Engine ----------------------------------

2017-08-21 00:10:55 TRACE ChessEngine:112 - Stockfish DD 64 by Tord Romstad, Marco Costalba and Joona Kiiski

2017-08-21 00:11:00 TRACE ChessEngine:112 - uci

2017-08-21 00:11:00 TRACE ChessEngine:112 - id name Stockfish DD 64
id author Tord Romstad, Marco Costalba and Joona Kiiski

option name Write Debug Log type check default false
option name Write Search Log type check default false
option name Search Log Filename type string default SearchLog.txt
option name Book File type string default book.bin
option name Best Book Move type check default false
option name Contempt Factor type spin default 0 min -50 max 50
option name Mobility (Midgame) type spin default 100 min 0 max 200
option name Mobility (Endgame) type spin default 100 min 0 max 200
option name Pawn Structure (Midgame) type spin default 100 min 0 max 200
option name Pawn Structure (Endgame) type spin default 100 min 0 max 200
option name Passed Pawns (Midgame) type spin default 100 min 0 max 200
option name Passed Pawns (Endgame) type spin default 100 min 0 max 200
option name Space type spin default 100 min 0 max 200
option name Aggressiveness type spin default 100 min 0 max 200
option name Cowardice type spin default 100 min 0 max 200
option name Min Split Depth type spin default 0 min 0 max 12
option name Max Threads per Split Point type spin default 5 min 4 max 8
option name Threads type spin default 1 min 1 max 64
option name Idle Threads Sleep type check default false
option name Hash type spin default 32 min 1 max 8192
option name Clear Hash type button
option name Ponder type check default true
option name OwnBook type check default false
option name MultiPV type spin default 1 min 1 max 500
option name Skill Level type spin default 20 min 0 max 20
option name Emergency Move Horizon type spin default 40 min 0 max 50
option name Emergency Base Time type spin default 60 min 0 max 30000
option name Emergency Move Time type spin default 30 min 0 max 5000
option name Minimum Thinking Time type spin default 20 min 0 max 5000
option name Slow Mover type spin default 70 min 10 max 1000
option name UCI_Chess960 type check default false
option name UCI_AnalyseMode type check default false
uciok

2017-08-21 00:11:00 TRACE ChessEngine:112 - setoption name Hash value 768
setoption name Ponder value false
setoption name Threads value 5
isready

2017-08-21 00:11:00 TRACE ChessEngine:112 - readyok

2017-08-21 00:11:01 TRACE ChessEngine:112 - setoption name Max Threads per Split Point value 4

2017-08-21 00:11:01 TRACE ChessEngine:112 - setoption name UCI_AnalyseMode value true
position startpos
go infinite

2017-08-21 00:11:01 TRACE ChessEngine:112 - info depth 1 seldepth 1 score cp 74 nodes 27 nps 9000 time 3 multipv 1 pv e2e4

2017-08-21 00:11:01 TRACE ChessEngine:112 - info depth 2 seldepth 2 score cp 12 nodes 145 nps 36250 time 4 multipv 1 pv e2e4 e7e5

2017-08-21 00:11:01 TRACE ChessEngine:112 - info depth 3 seldepth 3 score cp 60 nodes 522 nps 104400 time 5 multipv 1 pv g1f3 d7d5 d2d4

2017-08-21 00:11:01 TRACE ChessEngine:112 - info depth 4 seldepth 4 score cp 16 nodes 1099 nps 183166 time 6 multipv 1 pv e2e4 d7d5 b1c3 g8f6

2017-08-21 00:11:01 TRACE ChessEngine:112 - info depth 5 seldepth 5 score cp 54 nodes 2787 nps 278700 time 10 multipv 1 pv g1f3 d7d5 d2d4 g8f6 b1c3

2017-08-21 00:11:01 TRACE ChessEngine:112 - info depth 6 seldepth 7 score cp 12 nodes 5118 nps 393692 time 13 multipv 1 pv g1f3 d7d5 d2d4 g8f6 b1c3 b8c6

2017-08-21 00:11:01 TRACE ChessEngine:112 - info depth 7 seldepth 7 score cp 30 nodes 6443 nps 460214 time 14 multipv 1 pv g1f3 d7d5 d2d4 g8f6 b1c3 b8c6 e2e3

2017-08-21 00:11:01 TRACE ChessEngine:112 - info depth 8 seldepth 9 score cp 36 nodes 12215 nps 642894 time 19 multipv 1 pv e2e4 d7d5 e4d5 d8d5 b1c3 d5e6 d1e2 g8f6 d2d4

2017-08-21 00:11:01 TRACE ChessEngine:112 - info depth 9 seldepth 11 score cp 26 nodes 26925 nps 815909 time 33 multipv 1 pv d2d4 d7d5 b1c3 g8f6 g1f3 b8c6 e2e3 e7e6 f1b5 a7a6

2017-08-21 00:11:01 TRACE ChessEngine:112 - info depth 10 seldepth 11 score cp 24 nodes 40993 nps 931659 time 44 multipv 1 pv d2d4 d7d5 g1f3 g8f6 e2e3 b8c6 f1d3 c6b4 e1g1 b4d3 d1d3

2017-08-21 00:11:01 TRACE ChessEngine:112 - info depth 11 seldepth 17 score cp 36 nodes 91937 nps 1149212 time 80 multipv 1 pv d2d4 g8f6 b1c3 d7d5 c1f4 c8d7 e2e3 b8c6 g1f3 e7e6 c3b5 f8b4 c2c3

2017-08-21 00:11:01 TRACE ChessEngine:112 - info depth 12 seldepth 17 score cp 30 nodes 215578 nps 1573562 time 137 multipv 1 pv b1c3 d7d5 d2d4 c8f5 c1f4 b8c6 e2e3 c6b4 f1d3 b4d3 c2d3 g8f6 g1f3

2017-08-21 00:11:01 TRACE ChessEngine:112 - info depth 13 seldepth 17 score cp 22 nodes 413175 nps 2055597 time 201 multipv 1 pv e2e4 e7e5 f1c4 b8c6 d2d3 g8f6 b1c3 f8b4 g1f3 b4c3 b2c3 d7d5 e4d5 f6d5

2017-08-21 00:11:01 TRACE ChessEngine:112 - info depth 14 seldepth 17 score cp 24 nodes 569000 nps 2411016 time 236 multipv 1 pv e2e4 e7e5 f1c4 b8c6 d2d3 g8f6 b1c3 f8b4 g1f3 c6a5 e1g1 b4c3 b2c3 a5c4 d3c4 f6e4 f3e5 e4c3

2017-08-21 00:11:01 TRACE ChessEngine:112 - info depth 15 seldepth 20 score cp 36 nodes 916062 nps 3013361 time 304 multipv 1 pv e2e4 e7e5 f1c4 b8c6 d2d3 g8f6 g1f3 d7d5 e4d5 f6d5 c1d2 f8c5 b1c3 d5c3 d2c3 c8g4 e1g1

2017-08-21 00:11:01 TRACE ChessEngine:112 - info depth 16 seldepth 20 score cp 26 nodes 1599125 nps 3862620 time 414 multipv 1 pv e2e4 e7e5 g1f3 b8c6 b1c3 g8f6 f1b5 f8c5 e1g1 e8g8 d2d3 d7d6 b5c6 b7c6 c1e3 c5e3 f2e3

2017-08-21 00:11:02 TRACE ChessEngine:112 - info depth 17 seldepth 21 score cp 36 nodes 2546829 nps 4406278 time 578 multipv 1 pv e2e4 e7e5 g1f3 b8c6 f1b5 g8f6 e1g1 f8c5 d2d3 d7d6 c2c3 e8g8 d3d4 c5b6 c1g5 h7h6

2017-08-21 00:11:02 TRACE ChessEngine:112 - info depth 18 seldepth 21 score cp 36 nodes 3073968 nps 4622508 time 665 multipv 1 pv e2e4 e7e5 g1f3 b8c6 f1b5 g8f6 e1g1 f8c5 d2d3 d7d6 c2c3 e8g8 d3d4 c5b6 c1g5 h7h6

2017-08-21 00:11:02 TRACE ChessEngine:112 - info depth 19 seldepth 22 score cp 32 nodes 4388993 nps 4987492 time 880 multipv 1 pv e2e4 e7e5 g1f3 b8c6 f1b5 a7a6 b5c6 d7c6 e1g1 c8g4 d2d3 f8c5 c1e3 c5e3 f2e3 g8f6 b1d2 e8g8 d2c4 g4f3 d1f3

2017-08-21 00:11:02 TRACE ChessEngine:112 - info depth 20 seldepth 25 score cp 32 nodes 6776198 nps 5403666 time 1254 multipv 1 pv e2e4 e7e5 g1f3 b8c6 f1b5 a7a6 b5c6 d7c6 e1g1 f8d6 b1a3 g8f6 d2d4 d6a3 b2a3 c8g4 d4e5 f6e4 a1b1 d8d1 f1d1 g4f3 g2f3

2017-08-21 00:11:03 TRACE ChessEngine:112 - info depth 21 seldepth 25 score cp 26 nodes 8989367 nps 5635966 time 1595 multipv 1 pv e2e4 e7e5 g1f3 b8c6 f1b5 a7a6 b5c6 d7c6 e1g1 f8d6 d2d4 c8g4 d4e5 g4f3 d1f3 d6e5 b1c3 d8f6 f3h3 a8d8 a1b1 g8e7 c1e3 e8g8

2017-08-21 00:11:05 TRACE ChessEngine:112 - info depth 22 seldepth 30 score cp 34 lowerbound nodes 22093884 nps 6029990 time 3664 multipv 1 pv e2e4 e7e5 g1f3 b8c6 f1b5 a7a6 b5c6 d7c6 e1g1 f8d6 d2d4 c8g4 d4e5 g4f3 d1f3 d6e5
info depth 22 currmove e2e4 currmovenumber 1

2017-08-21 00:11:05 TRACE ChessEngine:112 - info depth 22 currmove d2d3 currmovenumber 3

2017-08-21 00:11:05 TRACE ChessEngine:112 - info depth 22 currmove h2h3 currmovenumber 10

2017-08-21 00:11:05 TRACE ChessEngine:112 - info depth 22 currmove g2g4 currmovenumber 15

2017-08-21 00:11:05 TRACE ChessEngine:112 - info depth 22 currmove b2b3 currmovenumber 16

2017-08-21 00:11:05 TRACE ChessEngine:112 - info depth 22 currmove g2g3 currmovenumber 17

2017-08-21 00:11:05 TRACE ChessEngine:112 - info depth 22 seldepth 30 score cp 30 nodes 25827930 nps 6055786 time 4265 multipv 1 pv e2e4 e7e5 g1f3 b8c6 b1c3 g8f6 f1b5 f8b4 e1g1 b4c3 b2c3 e8g8 d2d3 d7d6 c1d2 a8b8 b5c4 b7b5 c4b3 c8e6 f3g5 e6b3 a2b3 h7h6
info depth 23 currmove e2e4 currmovenumber 1

2017-08-21 00:11:05 TRACE ChessEngine:112 - stop

2017-08-21 00:11:05 TRACE ChessEngine:112 - info depth 23 seldepth 30 score cp 30 nodes 26359237 nps 6036005 time 4367 multipv 1 pv e2e4 e7e5 g1f3 b8c6 b1c3 g8f6 f1b5 f8b4 e1g1 b4c3 b2c3 e8g8 d2d3 d7d6 c1d2 a8b8 b5c4 b7b5 c4b3 c8e6 f3g5 e6b3 a2b3 h7h6
info nodes 26359237 time 4367
bestmove e2e4 ponder e7e5

2017-08-21 00:11:05 TRACE ChessEngine:112 - quit

2017-08-21 00:11:06 TRACE ChessEngine:51 - 
--------------------------------------Start Engine ----------------------------------

2017-08-21 00:11:07 TRACE ChessEngine:51 - 
--------------------------------------Start Engine ----------------------------------

2017-08-21 00:11:07 TRACE ChessEngine:112 - Stockfish DD 64 by Tord Romstad, Marco Costalba and Joona Kiiski

2017-08-21 00:11:16 TRACE ChessEngine:112 - uci

2017-08-21 00:11:16 TRACE ChessEngine:112 - id name Stockfish DD 64
id author Tord Romstad, Marco Costalba and Joona Kiiski

option name Write Debug Log type check default false
option name Write Search Log type check default false
option name Search Log Filename type string default SearchLog.txt
option name Book File type string default book.bin
option name Best Book Move type check default false
option name Contempt Factor type spin default 0 min -50 max 50
option name Mobility (Midgame) type spin default 100 min 0 max 200
option name Mobility (Endgame) type spin default 100 min 0 max 200
option name Pawn Structure (Midgame) type spin default 100 min 0 max 200
option name Pawn Structure (Endgame) type spin default 100 min 0 max 200
option name Passed Pawns (Midgame) type spin default 100 min 0 max 200
option name Passed Pawns (Endgame) type spin default 100 min 0 max 200
option name Space type spin default 100 min 0 max 200
option name Aggressiveness type spin default 100 min 0 max 200
option name Cowardice type spin default 100 min 0 max 200
option name Min Split Depth type spin default 0 min 0 max 12
option name Max Threads per Split Point type spin default 5 min 4 max 8
option name Threads type spin default 1 min 1 max 64
option name Idle Threads Sleep type check default false
option name Hash type spin default 32 min 1 max 8192
option name Clear Hash type button
option name Ponder type check default true
option name OwnBook type check default false
option name MultiPV type spin default 1 min 1 max 500
option name Skill Level type spin default 20 min 0 max 20
option name Emergency Move Horizon type spin default 40 min 0 max 50
option name Emergency Base Time type spin default 60 min 0 max 30000
option name Emergency Move Time type spin default 30 min 0 max 5000
option name Minimum Thinking Time type spin default 20 min 0 max 5000
option name Slow Mover type spin default 70 min 10 max 1000
option name UCI_Chess960 type check default false
option name UCI_AnalyseMode type check default false
uciok

2017-08-21 00:11:16 TRACE ChessEngine:112 - setoption name Hash value 1024
setoption name Ponder value false
setoption name Threads value 5
isready

2017-08-21 00:11:16 TRACE ChessEngine:112 - readyok

2017-08-21 00:11:17 TRACE ChessEngine:112 - setoption name Max Threads per Split Point value 4

2017-08-21 00:11:17 TRACE ChessEngine:112 - setoption name UCI_AnalyseMode value true
position startpos
go infinite

2017-08-21 00:11:17 TRACE ChessEngine:112 - info depth 1 seldepth 1 score cp 74 nodes 27 nps 13500 time 2 multipv 1 pv e2e4

2017-08-21 00:11:17 TRACE ChessEngine:112 - info depth 2 seldepth 2 score cp 12 nodes 145 nps 72500 time 2 multipv 1 pv e2e4 e7e5

2017-08-21 00:11:17 TRACE ChessEngine:112 - info depth 3 seldepth 3 score cp 60 nodes 522 nps 174000 time 3 multipv 1 pv g1f3 d7d5 d2d4

2017-08-21 00:11:17 TRACE ChessEngine:112 - info depth 4 seldepth 4 score cp 16 nodes 1097 nps 219400 time 5 multipv 1 pv e2e4 d7d5 b1c3 g8f6

2017-08-21 00:11:17 TRACE ChessEngine:112 - info depth 5 seldepth 5 score cp 54 nodes 3256 nps 407000 time 8 multipv 1 pv g1f3 d7d5 d2d4 g8f6 b1c3

2017-08-21 00:11:17 TRACE ChessEngine:112 - info depth 6 seldepth 7 score cp 12 nodes 5563 nps 505727 time 11 multipv 1 pv g1f3 d7d5 d2d4 g8f6 b1c3 b8c6

2017-08-21 00:11:17 TRACE ChessEngine:112 - info depth 7 seldepth 7 score cp 44 nodes 9586 nps 639066 time 15 multipv 1 pv d2d4 d7d5 e2e3 g8f6 b1c3 b8c6 f1b5 e7e6

2017-08-21 00:11:17 TRACE ChessEngine:112 - info depth 8 seldepth 10 score cp 20 nodes 19556 nps 752153 time 26 multipv 1 pv e2e4 d7d5 e4e5 e7e6 d2d4 g8e7 b1c3 b8c6

2017-08-21 00:11:17 TRACE ChessEngine:112 - info depth 9 seldepth 11 score cp 56 nodes 34485 nps 884230 time 39 multipv 1 pv e2e4 d7d5 e4d5 g8f6 b1c3 f6d5 d2d4 d5c3 b2c3

2017-08-21 00:11:17 TRACE ChessEngine:112 - info depth 10 seldepth 11 score cp 26 nodes 48629 nps 1013104 time 48 multipv 1 pv e2e4 d7d5 e4d5 g8f6 b1c3 f6d5 d2d4 b8c6 f1b5 a7a6 b5a4 d5c3 b2c3

2017-08-21 00:11:17 TRACE ChessEngine:112 - info depth 11 seldepth 17 score cp 48 nodes 167706 nps 1251537 time 134 multipv 1 pv e2e4 b8c6 d2d4 d7d5 e4e5 f7f6 g1f3 f6e5 d4e5 e7e6 b1c3 a7a6

2017-08-21 00:11:17 TRACE ChessEngine:112 - info depth 12 seldepth 17 score cp 30 nodes 294652 nps 1416596 time 208 multipv 1 pv e2e4 e7e5 g1f3 b8c6 d2d4 e5d4 f3d4 g8f6 b1c3 f8b4 d4c6 d7c6 d1d8 e8d8

2017-08-21 00:11:17 TRACE ChessEngine:112 - info depth 13 seldepth 17 score cp 42 nodes 425222 nps 1535097 time 277 multipv 1 pv e2e4 e7e5 g1f3 b8c6 b1c3 f8b4 c3d5 g8f6 d5b4 c6b4 d2d3 d7d5 c1d2 a7a5 f3e5 d5e4

2017-08-21 00:11:18 TRACE ChessEngine:112 - info depth 14 seldepth 19 score cp 14 nodes 1116555 nps 2206630 time 506 multipv 1 pv e2e4 e7e5 g1f3 g8f6 b1c3 b8c6 f1b5 f8c5 b5c6 d7c6 e1g1 e8g8 d2d3 c8g4 c1e3 c5e7

2017-08-21 00:11:18 TRACE ChessEngine:112 - info depth 15 seldepth 19 score cp 16 nodes 1512279 nps 2585092 time 585 multipv 1 pv g1f3 g8f6 b1c3 d7d5 e2e3 e7e6 d2d4 f8d6 f1e2 c8d7 e1g1 e8g8 c1d2 b8c6 c3b5

2017-08-21 00:11:18 TRACE ChessEngine:112 - info depth 16 seldepth 19 score cp 22 nodes 2303043 nps 3203119 time 719 multipv 1 pv d2d4 g8f6 b1c3 d7d5 g1f3 e7e6 e2e3 f8e7 f1d3 c8d7 f3e5 e8g8 e5d7 d8d7 e1g1 b8c6 c1d2

2017-08-21 00:11:18 TRACE ChessEngine:112 - info depth 17 seldepth 24 score cp 36 nodes 5133926 nps 4232420 time 1213 multipv 1 pv e2e4 e7e6 d2d4 d7d5 e4d5 e6d5 f1b5 c7c6 b5d3 g8f6 g1f3 c8e6 e1g1 f8e7 f1e1 e8g8 b1c3 b8d7 c1f4 f8e8

2017-08-21 00:11:18 TRACE ChessEngine:112 - info depth 18 seldepth 24 score cp 36 nodes 5609925 nps 4331988 time 1295 multipv 1 pv e2e4 e7e6 d2d4 d7d5 e4d5 e6d5 f1b5 c7c6 b5d3 g8f6 g1f3 c8e6 e1g1 f8e7 f1e1 e8g8 b1c3 b8d7 c1f4 f8e8

2017-08-21 00:11:19 TRACE ChessEngine:112 - info depth 19 seldepth 24 score cp 28 nodes 7113056 nps 4627882 time 1537 multipv 1 pv e2e4 e7e6 d2d4 d7d5 e4d5 e6d5 g1f3 f8e7 b1c3 g8f6 f1b5 c8d7 c1f4 e8g8 b5d7 b8d7 e1g1 c7c6 f1e1 f8e8 f3e5 e7b4

2017-08-21 00:11:19 TRACE ChessEngine:112 - info depth 20 seldepth 26 score cp 22 nodes 10555480 nps 4939391 time 2137 multipv 1 pv e2e4 e7e6 d2d4 d7d5 e4d5 e6d5 g1f3 g8f6 f1d3 b8c6 e1g1 f8e7 b1c3 e8g8 c1f4 c6b4 f1e1 c8e6 f3e5 c7c6 d3e2 g8h8

2017-08-21 00:11:20 TRACE ChessEngine:112 - stop

2017-08-21 00:11:20 TRACE ChessEngine:112 - info depth 21 seldepth 27 score cp 22 nodes 12345710 nps 4996240 time 2471 multipv 1 pv e2e4 e7e6 d2d4 d7d5 e4d5 e6d5 g1f3 g8f6 f1d3 b8c6 e1g1 f8e7 b1c3 e8g8 c1f4 c6b4 f1e1 c8e6 f3e5 c7c6 d3e2 g8h8
info nodes 12345710 time 2471
bestmove e2e4 ponder e7e6

2017-08-21 00:11:20 TRACE ChessEngine:112 - quit

2017-08-21 00:11:21 TRACE ChessEngine:51 - 
--------------------------------------Start Engine ----------------------------------

2017-08-21 00:11:21 TRACE ChessEngine:51 - 
--------------------------------------Start Engine ----------------------------------

2017-08-21 00:11:21 TRACE ChessEngine:112 - Stockfish DD 64 by Tord Romstad, Marco Costalba and Joona Kiiski

2017-08-21 00:26:22 ERROR ChessEngine:98 - Connection reset
2017-08-21 00:27:04 ERROR ChessEngine:98 - Connection reset
2017-08-21 00:27:21 ERROR ChessEngine:98 - Connection reset
